<?xml version="1.0" encoding="UTF-8"?>
<!-- Generated by org.testng.reporters.JUnitXMLReporter -->
<testsuite ignored="0" hostname="LAPTOP-EIQOHO8U" failures="1" tests="3" name="Default test" time="78.187" errors="0" timestamp="2021-07-05T15:58:44 IST">
  <testcase classname="testScripts.Facebook.LoginTestScripts" name="validateFacebookLoginFunctionality" time="12.773"/>
  <testcase classname="testScripts.Facebook.LoginTestScripts" name="validateFacebookLoginFunctionality" time="14.781"/>
  <testcase classname="testScripts.Facebook.LoginTestScripts" name="validateFacebookLoginFunctionality" time="76.818">
    <failure type="java.lang.Exception" message="Login Failure Error Message Lcoator element not found in page!! Waited Duration: 60">
      <![CDATA[java.lang.Exception: Login Failure Error Message Lcoator element not found in page!! Waited Duration: 60
at org.wallethub.support.browserActions.waitForElement(browserActions.java:165)
at testPages.Facebook.LoginPage.validateFailureLogin(LoginPage.java:59)
at testScripts.Facebook.LoginTestScripts.validateFacebookLoginFunctionality(LoginTestScripts.java:71)
at java.base/jdk.internal.reflect.NativeMethodAccessorImpl.invoke0(Native Method)
at java.base/jdk.internal.reflect.NativeMethodAccessorImpl.invoke(NativeMethodAccessorImpl.java:78)
at java.base/jdk.internal.reflect.DelegatingMethodAccessorImpl.invoke(DelegatingMethodAccessorImpl.java:43)
at java.base/java.lang.reflect.Method.invoke(Method.java:567)
at org.testng.internal.MethodInvocationHelper.invokeMethod(MethodInvocationHelper.java:132)
at org.testng.internal.TestInvoker.invokeMethod(TestInvoker.java:599)
at org.testng.internal.TestInvoker.invokeTestMethod(TestInvoker.java:174)
at org.testng.internal.TestMethodWithDataProviderMethodWorker.call(TestMethodWithDataProviderMethodWorker.java:77)
at org.testng.internal.TestMethodWithDataProviderMethodWorker.call(TestMethodWithDataProviderMethodWorker.java:15)
at java.base/java.util.concurrent.FutureTask.run(FutureTask.java:264)
at java.base/java.util.concurrent.Executors$RunnableAdapter.call(Executors.java:515)
at java.base/java.util.concurrent.FutureTask.run(FutureTask.java:264)
at java.base/java.util.concurrent.ThreadPoolExecutor.runWorker(ThreadPoolExecutor.java:1130)
at java.base/java.util.concurrent.ThreadPoolExecutor$Worker.run(ThreadPoolExecutor.java:630)
at java.base/java.lang.Thread.run(Thread.java:831)
]]>
    </failure>
  </testcase> <!-- validateFacebookLoginFunctionality -->
</testsuite> <!-- Default test -->
